<?xml version="1.0" encoding="UTF-8"?>
<!-- Generated by org.testng.reporters.JUnitReportReporter -->
<testsuite skipped="0" hostname="DESKTOP-14T5CLL" name="FirstTest.NewTest" tests="2" failures="0" timestamp="2021-12-08T13:21:27 IST" time="35.086" errors="0">
  <testcase name="f" time="35.074" classname="FirstTest.NewTest"/>
  <system-out/>
  <testcase name="VerifyErrorMessage" time="0.012" classname="FirstTest.NewTest"/>
  <system-out/>
</testsuite> <!-- FirstTest.NewTest -->
