<?xml version="1.0" encoding="UTF-8"?>
<!-- Generated by org.testng.reporters.JUnitReportReporter -->
<testsuite skipped="0" hostname="DESKTOP-14T5CLL" name="com.Runnerpackage.ExtentReport" tests="1" failures="0" timestamp="2021-12-18T13:36:32 IST" time="1.306" errors="0">
  <testcase name="login" time="1.306" classname="com.Runnerpackage.ExtentReport"/>
  <system-out/>
</testsuite> <!-- com.Runnerpackage.ExtentReport -->
