<?xml version="1.0" encoding="UTF-8"?>
<!-- Generated by org.testng.reporters.JUnitReportReporter -->
<testsuite skipped="0" hostname="DESKTOP-14T5CLL" name="com.Runnerpackage.SearchRunner" tests="1" failures="0" timestamp="2021-12-20T18:35:47 IST" time="62.044" errors="0">
  <testcase name="MouseHover" time="62.044" classname="com.Runnerpackage.SearchRunner"/>
  <system-out/>
</testsuite> <!-- com.Runnerpackage.SearchRunner -->
